
*** Running vivado
    with args -log hello_world.vds -m64 -product Vivado -mode batch -messageDb vivado.pb -notrace -source hello_world.tcl


****** Vivado v2019.1.3 (64-bit)
  **** SW Build 2644227 on Wed Sep  4 09:44:18 MDT 2019
  **** IP Build 2633630 on Wed Sep  4 12:30:14 MDT 2019
    ** Copyright 1986-2019 Xilinx, Inc. All Rights Reserved.

source hello_world.tcl -notrace
Command: synth_design -top hello_world -part xc7z020clg400-1
Starting synth_design
Attempting to get a license for feature 'Synthesis' and/or device 'xc7z020'
INFO: [Common 17-349] Got license for feature 'Synthesis' and/or device 'xc7z020'
INFO: [Device 21-403] Loading part xc7z020clg400-1
INFO: Launching helper process for spawning children vivado processes
INFO: Helper process launched with PID 19180 
---------------------------------------------------------------------------------
Starting RTL Elaboration : Time (s): cpu = 00:00:03 ; elapsed = 00:00:04 . Memory (MB): peak = 1766.617 ; gain = 153.719 ; free physical = 18859 ; free virtual = 53453
---------------------------------------------------------------------------------
INFO: [Synth 8-638] synthesizing module 'hello_world' [/home/krekker/zynq7000/Hello_World/Hello_World.srcs/sources_1/new/hello_world.vhd:11]
WARNING: [Synth 8-614] signal 'led' is read in the process but is not in the sensitivity list [/home/krekker/zynq7000/Hello_World/Hello_World.srcs/sources_1/new/hello_world.vhd:21]
INFO: [Synth 8-256] done synthesizing module 'hello_world' (1#1) [/home/krekker/zynq7000/Hello_World/Hello_World.srcs/sources_1/new/hello_world.vhd:11]
WARNING: [Synth 8-3917] design hello_world has port led_blink driven by constant 0
---------------------------------------------------------------------------------
Finished RTL Elaboration : Time (s): cpu = 00:00:04 ; elapsed = 00:00:05 . Memory (MB): peak = 1819.367 ; gain = 206.469 ; free physical = 18897 ; free virtual = 53491
---------------------------------------------------------------------------------

Report Check Netlist: 
+------+------------------+-------+---------+-------+------------------+
|      |Item              |Errors |Warnings |Status |Description       |
+------+------------------+-------+---------+-------+------------------+
|1     |multi_driven_nets |      0|        0|Passed |Multi driven nets |
+------+------------------+-------+---------+-------+------------------+
---------------------------------------------------------------------------------
Start Handling Custom Attributes
---------------------------------------------------------------------------------
---------------------------------------------------------------------------------
Finished Handling Custom Attributes : Time (s): cpu = 00:00:05 ; elapsed = 00:00:06 . Memory (MB): peak = 1823.336 ; gain = 210.438 ; free physical = 18892 ; free virtual = 53487
---------------------------------------------------------------------------------
---------------------------------------------------------------------------------
Finished RTL Optimization Phase 1 : Time (s): cpu = 00:00:05 ; elapsed = 00:00:06 . Memory (MB): peak = 1823.336 ; gain = 210.438 ; free physical = 18892 ; free virtual = 53487
---------------------------------------------------------------------------------
INFO: [Project 1-570] Preparing netlist for logic optimization

Processing XDC Constraints
Initializing timing engine
Parsing XDC File [/home/krekker/zynq7000/Hello_World/Hello_World.srcs/constr_hello/new/hello_world.xdc]
Finished Parsing XDC File [/home/krekker/zynq7000/Hello_World/Hello_World.srcs/constr_hello/new/hello_world.xdc]
INFO: [Project 1-236] Implementation specific constraints were found while reading constraint file [/home/krekker/zynq7000/Hello_World/Hello_World.srcs/constr_hello/new/hello_world.xdc]. These constraints will be ignored for synthesis but will be used in implementation. Impacted constraints are listed in the file [.Xil/hello_world_propImpl.xdc].
Resolution: To avoid this warning, move constraints listed in [.Xil/hello_world_propImpl.xdc] to another XDC file and exclude this new file from synthesis with the used_in_synthesis property (File Properties dialog in GUI) and re-run elaboration/synthesis.
Completed Processing XDC Constraints

Netlist sorting complete. Time (s): cpu = 00:00:00 ; elapsed = 00:00:00 . Memory (MB): peak = 1969.055 ; gain = 0.000 ; free physical = 18804 ; free virtual = 53399
INFO: [Project 1-111] Unisim Transformation Summary:
No Unisim elements were transformed.

Constraint Validation Runtime : Time (s): cpu = 00:00:00 ; elapsed = 00:00:00 . Memory (MB): peak = 1969.055 ; gain = 0.000 ; free physical = 18804 ; free virtual = 53399
---------------------------------------------------------------------------------
Finished Constraint Validation : Time (s): cpu = 00:00:10 ; elapsed = 00:00:12 . Memory (MB): peak = 1969.055 ; gain = 356.156 ; free physical = 18869 ; free virtual = 53464
---------------------------------------------------------------------------------
---------------------------------------------------------------------------------
Start Loading Part and Timing Information
---------------------------------------------------------------------------------
Loading part: xc7z020clg400-1
---------------------------------------------------------------------------------
Finished Loading Part and Timing Information : Time (s): cpu = 00:00:10 ; elapsed = 00:00:12 . Memory (MB): peak = 1969.055 ; gain = 356.156 ; free physical = 18869 ; free virtual = 53464
---------------------------------------------------------------------------------
---------------------------------------------------------------------------------
Start Applying 'set_property' XDC Constraints
---------------------------------------------------------------------------------
---------------------------------------------------------------------------------
Finished applying 'set_property' XDC Constraints : Time (s): cpu = 00:00:10 ; elapsed = 00:00:12 . Memory (MB): peak = 1969.055 ; gain = 356.156 ; free physical = 18872 ; free virtual = 53466
---------------------------------------------------------------------------------
---------------------------------------------------------------------------------
Finished RTL Optimization Phase 2 : Time (s): cpu = 00:00:10 ; elapsed = 00:00:12 . Memory (MB): peak = 1969.055 ; gain = 356.156 ; free physical = 18863 ; free virtual = 53458
---------------------------------------------------------------------------------

Report RTL Partitions: 
+-+--------------+------------+----------+
| |RTL Partition |Replication |Instances |
+-+--------------+------------+----------+
+-+--------------+------------+----------+
---------------------------------------------------------------------------------
Start RTL Component Statistics 
---------------------------------------------------------------------------------
Detailed RTL Component Info : 
+---Adders : 
	   2 Input     32 Bit       Adders := 1     
+---Registers : 
	               32 Bit    Registers := 1     
	                1 Bit    Registers := 1     
---------------------------------------------------------------------------------
Finished RTL Component Statistics 
---------------------------------------------------------------------------------
---------------------------------------------------------------------------------
Start RTL Hierarchical Component Statistics 
---------------------------------------------------------------------------------
Hierarchical RTL Component report 
Module hello_world 
Detailed RTL Component Info : 
+---Adders : 
	   2 Input     32 Bit       Adders := 1     
+---Registers : 
	               32 Bit    Registers := 1     
	                1 Bit    Registers := 1     
---------------------------------------------------------------------------------
Finished RTL Hierarchical Component Statistics
---------------------------------------------------------------------------------
---------------------------------------------------------------------------------
Start Part Resource Summary
---------------------------------------------------------------------------------
Part Resources:
DSPs: 220 (col length:60)
BRAMs: 280 (col length: RAMB18 60 RAMB36 30)
---------------------------------------------------------------------------------
Finished Part Resource Summary
---------------------------------------------------------------------------------
---------------------------------------------------------------------------------
Start Cross Boundary and Area Optimization
---------------------------------------------------------------------------------
Warning: Parallel synthesis criteria is not met 
WARNING: [Synth 8-3917] design hello_world has port led_blink driven by constant 0
CRITICAL WARNING: [Synth 8-6859] multi-driven net on pin counter[31] with 1st driver pin 'counter_reg[31]/Q' [/home/krekker/zynq7000/Hello_World/Hello_World.srcs/sources_1/new/hello_world.vhd:18]
CRITICAL WARNING: [Synth 8-6859] multi-driven net on pin counter[31] with 2nd driver pin 'GND' [/home/krekker/zynq7000/Hello_World/Hello_World.srcs/sources_1/new/hello_world.vhd:18]
CRITICAL WARNING: [Synth 8-6858] multi-driven net counter[31] is connected to at least one constant driver which has been preserved, other driver is ignored [/home/krekker/zynq7000/Hello_World/Hello_World.srcs/sources_1/new/hello_world.vhd:18]
CRITICAL WARNING: [Synth 8-6859] multi-driven net on pin counter[30] with 1st driver pin 'counter_reg[30]/Q' [/home/krekker/zynq7000/Hello_World/Hello_World.srcs/sources_1/new/hello_world.vhd:18]
CRITICAL WARNING: [Synth 8-6859] multi-driven net on pin counter[30] with 2nd driver pin 'GND' [/home/krekker/zynq7000/Hello_World/Hello_World.srcs/sources_1/new/hello_world.vhd:18]
CRITICAL WARNING: [Synth 8-6858] multi-driven net counter[30] is connected to at least one constant driver which has been preserved, other driver is ignored [/home/krekker/zynq7000/Hello_World/Hello_World.srcs/sources_1/new/hello_world.vhd:18]
CRITICAL WARNING: [Synth 8-6859] multi-driven net on pin counter[29] with 1st driver pin 'counter_reg[29]/Q' [/home/krekker/zynq7000/Hello_World/Hello_World.srcs/sources_1/new/hello_world.vhd:18]
CRITICAL WARNING: [Synth 8-6859] multi-driven net on pin counter[29] with 2nd driver pin 'GND' [/home/krekker/zynq7000/Hello_World/Hello_World.srcs/sources_1/new/hello_world.vhd:18]
CRITICAL WARNING: [Synth 8-6858] multi-driven net counter[29] is connected to at least one constant driver which has been preserved, other driver is ignored [/home/krekker/zynq7000/Hello_World/Hello_World.srcs/sources_1/new/hello_world.vhd:18]
CRITICAL WARNING: [Synth 8-6859] multi-driven net on pin counter[28] with 1st driver pin 'counter_reg[28]/Q' [/home/krekker/zynq7000/Hello_World/Hello_World.srcs/sources_1/new/hello_world.vhd:18]
CRITICAL WARNING: [Synth 8-6859] multi-driven net on pin counter[28] with 2nd driver pin 'GND' [/home/krekker/zynq7000/Hello_World/Hello_World.srcs/sources_1/new/hello_world.vhd:18]
CRITICAL WARNING: [Synth 8-6858] multi-driven net counter[28] is connected to at least one constant driver which has been preserved, other driver is ignored [/home/krekker/zynq7000/Hello_World/Hello_World.srcs/sources_1/new/hello_world.vhd:18]
CRITICAL WARNING: [Synth 8-6859] multi-driven net on pin counter[27] with 1st driver pin 'counter_reg[27]/Q' [/home/krekker/zynq7000/Hello_World/Hello_World.srcs/sources_1/new/hello_world.vhd:18]
CRITICAL WARNING: [Synth 8-6859] multi-driven net on pin counter[27] with 2nd driver pin 'GND' [/home/krekker/zynq7000/Hello_World/Hello_World.srcs/sources_1/new/hello_world.vhd:18]
CRITICAL WARNING: [Synth 8-6858] multi-driven net counter[27] is connected to at least one constant driver which has been preserved, other driver is ignored [/home/krekker/zynq7000/Hello_World/Hello_World.srcs/sources_1/new/hello_world.vhd:18]
CRITICAL WARNING: [Synth 8-6859] multi-driven net on pin counter[26] with 1st driver pin 'counter_reg[26]/Q' [/home/krekker/zynq7000/Hello_World/Hello_World.srcs/sources_1/new/hello_world.vhd:18]
CRITICAL WARNING: [Synth 8-6859] multi-driven net on pin counter[26] with 2nd driver pin 'GND' [/home/krekker/zynq7000/Hello_World/Hello_World.srcs/sources_1/new/hello_world.vhd:18]
CRITICAL WARNING: [Synth 8-6858] multi-driven net counter[26] is connected to at least one constant driver which has been preserved, other driver is ignored [/home/krekker/zynq7000/Hello_World/Hello_World.srcs/sources_1/new/hello_world.vhd:18]
CRITICAL WARNING: [Synth 8-6859] multi-driven net on pin counter[25] with 1st driver pin 'counter_reg[25]/Q' [/home/krekker/zynq7000/Hello_World/Hello_World.srcs/sources_1/new/hello_world.vhd:18]
CRITICAL WARNING: [Synth 8-6859] multi-driven net on pin counter[25] with 2nd driver pin 'GND' [/home/krekker/zynq7000/Hello_World/Hello_World.srcs/sources_1/new/hello_world.vhd:18]
CRITICAL WARNING: [Synth 8-6858] multi-driven net counter[25] is connected to at least one constant driver which has been preserved, other driver is ignored [/home/krekker/zynq7000/Hello_World/Hello_World.srcs/sources_1/new/hello_world.vhd:18]
CRITICAL WARNING: [Synth 8-6859] multi-driven net on pin counter[24] with 1st driver pin 'counter_reg[24]/Q' [/home/krekker/zynq7000/Hello_World/Hello_World.srcs/sources_1/new/hello_world.vhd:18]
CRITICAL WARNING: [Synth 8-6859] multi-driven net on pin counter[24] with 2nd driver pin 'GND' [/home/krekker/zynq7000/Hello_World/Hello_World.srcs/sources_1/new/hello_world.vhd:18]
CRITICAL WARNING: [Synth 8-6858] multi-driven net counter[24] is connected to at least one constant driver which has been preserved, other driver is ignored [/home/krekker/zynq7000/Hello_World/Hello_World.srcs/sources_1/new/hello_world.vhd:18]
CRITICAL WARNING: [Synth 8-6859] multi-driven net on pin counter[23] with 1st driver pin 'counter_reg[23]/Q' [/home/krekker/zynq7000/Hello_World/Hello_World.srcs/sources_1/new/hello_world.vhd:18]
CRITICAL WARNING: [Synth 8-6859] multi-driven net on pin counter[23] with 2nd driver pin 'GND' [/home/krekker/zynq7000/Hello_World/Hello_World.srcs/sources_1/new/hello_world.vhd:18]
CRITICAL WARNING: [Synth 8-6858] multi-driven net counter[23] is connected to at least one constant driver which has been preserved, other driver is ignored [/home/krekker/zynq7000/Hello_World/Hello_World.srcs/sources_1/new/hello_world.vhd:18]
CRITICAL WARNING: [Synth 8-6859] multi-driven net on pin counter[22] with 1st driver pin 'counter_reg[22]/Q' [/home/krekker/zynq7000/Hello_World/Hello_World.srcs/sources_1/new/hello_world.vhd:18]
CRITICAL WARNING: [Synth 8-6859] multi-driven net on pin counter[22] with 2nd driver pin 'GND' [/home/krekker/zynq7000/Hello_World/Hello_World.srcs/sources_1/new/hello_world.vhd:18]
CRITICAL WARNING: [Synth 8-6858] multi-driven net counter[22] is connected to at least one constant driver which has been preserved, other driver is ignored [/home/krekker/zynq7000/Hello_World/Hello_World.srcs/sources_1/new/hello_world.vhd:18]
CRITICAL WARNING: [Synth 8-6859] multi-driven net on pin counter[21] with 1st driver pin 'counter_reg[21]/Q' [/home/krekker/zynq7000/Hello_World/Hello_World.srcs/sources_1/new/hello_world.vhd:18]
CRITICAL WARNING: [Synth 8-6859] multi-driven net on pin counter[21] with 2nd driver pin 'GND' [/home/krekker/zynq7000/Hello_World/Hello_World.srcs/sources_1/new/hello_world.vhd:18]
CRITICAL WARNING: [Synth 8-6858] multi-driven net counter[21] is connected to at least one constant driver which has been preserved, other driver is ignored [/home/krekker/zynq7000/Hello_World/Hello_World.srcs/sources_1/new/hello_world.vhd:18]
CRITICAL WARNING: [Synth 8-6859] multi-driven net on pin counter[20] with 1st driver pin 'counter_reg[20]/Q' [/home/krekker/zynq7000/Hello_World/Hello_World.srcs/sources_1/new/hello_world.vhd:18]
CRITICAL WARNING: [Synth 8-6859] multi-driven net on pin counter[20] with 2nd driver pin 'GND' [/home/krekker/zynq7000/Hello_World/Hello_World.srcs/sources_1/new/hello_world.vhd:18]
CRITICAL WARNING: [Synth 8-6858] multi-driven net counter[20] is connected to at least one constant driver which has been preserved, other driver is ignored [/home/krekker/zynq7000/Hello_World/Hello_World.srcs/sources_1/new/hello_world.vhd:18]
CRITICAL WARNING: [Synth 8-6859] multi-driven net on pin counter[19] with 1st driver pin 'counter_reg[19]/Q' [/home/krekker/zynq7000/Hello_World/Hello_World.srcs/sources_1/new/hello_world.vhd:18]
CRITICAL WARNING: [Synth 8-6859] multi-driven net on pin counter[19] with 2nd driver pin 'GND' [/home/krekker/zynq7000/Hello_World/Hello_World.srcs/sources_1/new/hello_world.vhd:18]
CRITICAL WARNING: [Synth 8-6858] multi-driven net counter[19] is connected to at least one constant driver which has been preserved, other driver is ignored [/home/krekker/zynq7000/Hello_World/Hello_World.srcs/sources_1/new/hello_world.vhd:18]
CRITICAL WARNING: [Synth 8-6859] multi-driven net on pin counter[18] with 1st driver pin 'counter_reg[18]/Q' [/home/krekker/zynq7000/Hello_World/Hello_World.srcs/sources_1/new/hello_world.vhd:18]
CRITICAL WARNING: [Synth 8-6859] multi-driven net on pin counter[18] with 2nd driver pin 'GND' [/home/krekker/zynq7000/Hello_World/Hello_World.srcs/sources_1/new/hello_world.vhd:18]
CRITICAL WARNING: [Synth 8-6858] multi-driven net counter[18] is connected to at least one constant driver which has been preserved, other driver is ignored [/home/krekker/zynq7000/Hello_World/Hello_World.srcs/sources_1/new/hello_world.vhd:18]
CRITICAL WARNING: [Synth 8-6859] multi-driven net on pin counter[17] with 1st driver pin 'counter_reg[17]/Q' [/home/krekker/zynq7000/Hello_World/Hello_World.srcs/sources_1/new/hello_world.vhd:18]
CRITICAL WARNING: [Synth 8-6859] multi-driven net on pin counter[17] with 2nd driver pin 'GND' [/home/krekker/zynq7000/Hello_World/Hello_World.srcs/sources_1/new/hello_world.vhd:18]
CRITICAL WARNING: [Synth 8-6858] multi-driven net counter[17] is connected to at least one constant driver which has been preserved, other driver is ignored [/home/krekker/zynq7000/Hello_World/Hello_World.srcs/sources_1/new/hello_world.vhd:18]
CRITICAL WARNING: [Synth 8-6859] multi-driven net on pin counter[16] with 1st driver pin 'counter_reg[16]/Q' [/home/krekker/zynq7000/Hello_World/Hello_World.srcs/sources_1/new/hello_world.vhd:18]
CRITICAL WARNING: [Synth 8-6859] multi-driven net on pin counter[16] with 2nd driver pin 'GND' [/home/krekker/zynq7000/Hello_World/Hello_World.srcs/sources_1/new/hello_world.vhd:18]
CRITICAL WARNING: [Synth 8-6858] multi-driven net counter[16] is connected to at least one constant driver which has been preserved, other driver is ignored [/home/krekker/zynq7000/Hello_World/Hello_World.srcs/sources_1/new/hello_world.vhd:18]
CRITICAL WARNING: [Synth 8-6859] multi-driven net on pin counter[15] with 1st driver pin 'counter_reg[15]/Q' [/home/krekker/zynq7000/Hello_World/Hello_World.srcs/sources_1/new/hello_world.vhd:18]
CRITICAL WARNING: [Synth 8-6859] multi-driven net on pin counter[15] with 2nd driver pin 'GND' [/home/krekker/zynq7000/Hello_World/Hello_World.srcs/sources_1/new/hello_world.vhd:18]
CRITICAL WARNING: [Synth 8-6858] multi-driven net counter[15] is connected to at least one constant driver which has been preserved, other driver is ignored [/home/krekker/zynq7000/Hello_World/Hello_World.srcs/sources_1/new/hello_world.vhd:18]
CRITICAL WARNING: [Synth 8-6859] multi-driven net on pin counter[14] with 1st driver pin 'counter_reg[14]/Q' [/home/krekker/zynq7000/Hello_World/Hello_World.srcs/sources_1/new/hello_world.vhd:18]
CRITICAL WARNING: [Synth 8-6859] multi-driven net on pin counter[14] with 2nd driver pin 'GND' [/home/krekker/zynq7000/Hello_World/Hello_World.srcs/sources_1/new/hello_world.vhd:18]
CRITICAL WARNING: [Synth 8-6858] multi-driven net counter[14] is connected to at least one constant driver which has been preserved, other driver is ignored [/home/krekker/zynq7000/Hello_World/Hello_World.srcs/sources_1/new/hello_world.vhd:18]
CRITICAL WARNING: [Synth 8-6859] multi-driven net on pin counter[13] with 1st driver pin 'counter_reg[13]/Q' [/home/krekker/zynq7000/Hello_World/Hello_World.srcs/sources_1/new/hello_world.vhd:18]
CRITICAL WARNING: [Synth 8-6859] multi-driven net on pin counter[13] with 2nd driver pin 'GND' [/home/krekker/zynq7000/Hello_World/Hello_World.srcs/sources_1/new/hello_world.vhd:18]
CRITICAL WARNING: [Synth 8-6858] multi-driven net counter[13] is connected to at least one constant driver which has been preserved, other driver is ignored [/home/krekker/zynq7000/Hello_World/Hello_World.srcs/sources_1/new/hello_world.vhd:18]
CRITICAL WARNING: [Synth 8-6859] multi-driven net on pin counter[12] with 1st driver pin 'counter_reg[12]/Q' [/home/krekker/zynq7000/Hello_World/Hello_World.srcs/sources_1/new/hello_world.vhd:18]
CRITICAL WARNING: [Synth 8-6859] multi-driven net on pin counter[12] with 2nd driver pin 'GND' [/home/krekker/zynq7000/Hello_World/Hello_World.srcs/sources_1/new/hello_world.vhd:18]
CRITICAL WARNING: [Synth 8-6858] multi-driven net counter[12] is connected to at least one constant driver which has been preserved, other driver is ignored [/home/krekker/zynq7000/Hello_World/Hello_World.srcs/sources_1/new/hello_world.vhd:18]
CRITICAL WARNING: [Synth 8-6859] multi-driven net on pin counter[11] with 1st driver pin 'counter_reg[11]/Q' [/home/krekker/zynq7000/Hello_World/Hello_World.srcs/sources_1/new/hello_world.vhd:18]
CRITICAL WARNING: [Synth 8-6859] multi-driven net on pin counter[11] with 2nd driver pin 'GND' [/home/krekker/zynq7000/Hello_World/Hello_World.srcs/sources_1/new/hello_world.vhd:18]
CRITICAL WARNING: [Synth 8-6858] multi-driven net counter[11] is connected to at least one constant driver which has been preserved, other driver is ignored [/home/krekker/zynq7000/Hello_World/Hello_World.srcs/sources_1/new/hello_world.vhd:18]
CRITICAL WARNING: [Synth 8-6859] multi-driven net on pin counter[10] with 1st driver pin 'counter_reg[10]/Q' [/home/krekker/zynq7000/Hello_World/Hello_World.srcs/sources_1/new/hello_world.vhd:18]
CRITICAL WARNING: [Synth 8-6859] multi-driven net on pin counter[10] with 2nd driver pin 'GND' [/home/krekker/zynq7000/Hello_World/Hello_World.srcs/sources_1/new/hello_world.vhd:18]
CRITICAL WARNING: [Synth 8-6858] multi-driven net counter[10] is connected to at least one constant driver which has been preserved, other driver is ignored [/home/krekker/zynq7000/Hello_World/Hello_World.srcs/sources_1/new/hello_world.vhd:18]
CRITICAL WARNING: [Synth 8-6859] multi-driven net on pin counter[9] with 1st driver pin 'counter_reg[9]/Q' [/home/krekker/zynq7000/Hello_World/Hello_World.srcs/sources_1/new/hello_world.vhd:18]
CRITICAL WARNING: [Synth 8-6859] multi-driven net on pin counter[9] with 2nd driver pin 'GND' [/home/krekker/zynq7000/Hello_World/Hello_World.srcs/sources_1/new/hello_world.vhd:18]
CRITICAL WARNING: [Synth 8-6858] multi-driven net counter[9] is connected to at least one constant driver which has been preserved, other driver is ignored [/home/krekker/zynq7000/Hello_World/Hello_World.srcs/sources_1/new/hello_world.vhd:18]
CRITICAL WARNING: [Synth 8-6859] multi-driven net on pin counter[8] with 1st driver pin 'counter_reg[8]/Q' [/home/krekker/zynq7000/Hello_World/Hello_World.srcs/sources_1/new/hello_world.vhd:18]
CRITICAL WARNING: [Synth 8-6859] multi-driven net on pin counter[8] with 2nd driver pin 'GND' [/home/krekker/zynq7000/Hello_World/Hello_World.srcs/sources_1/new/hello_world.vhd:18]
CRITICAL WARNING: [Synth 8-6858] multi-driven net counter[8] is connected to at least one constant driver which has been preserved, other driver is ignored [/home/krekker/zynq7000/Hello_World/Hello_World.srcs/sources_1/new/hello_world.vhd:18]
CRITICAL WARNING: [Synth 8-6859] multi-driven net on pin counter[7] with 1st driver pin 'counter_reg[7]/Q' [/home/krekker/zynq7000/Hello_World/Hello_World.srcs/sources_1/new/hello_world.vhd:18]
CRITICAL WARNING: [Synth 8-6859] multi-driven net on pin counter[7] with 2nd driver pin 'GND' [/home/krekker/zynq7000/Hello_World/Hello_World.srcs/sources_1/new/hello_world.vhd:18]
CRITICAL WARNING: [Synth 8-6858] multi-driven net counter[7] is connected to at least one constant driver which has been preserved, other driver is ignored [/home/krekker/zynq7000/Hello_World/Hello_World.srcs/sources_1/new/hello_world.vhd:18]
CRITICAL WARNING: [Synth 8-6859] multi-driven net on pin counter[6] with 1st driver pin 'counter_reg[6]/Q' [/home/krekker/zynq7000/Hello_World/Hello_World.srcs/sources_1/new/hello_world.vhd:18]
CRITICAL WARNING: [Synth 8-6859] multi-driven net on pin counter[6] with 2nd driver pin 'GND' [/home/krekker/zynq7000/Hello_World/Hello_World.srcs/sources_1/new/hello_world.vhd:18]
CRITICAL WARNING: [Synth 8-6858] multi-driven net counter[6] is connected to at least one constant driver which has been preserved, other driver is ignored [/home/krekker/zynq7000/Hello_World/Hello_World.srcs/sources_1/new/hello_world.vhd:18]
CRITICAL WARNING: [Synth 8-6859] multi-driven net on pin counter[5] with 1st driver pin 'counter_reg[5]/Q' [/home/krekker/zynq7000/Hello_World/Hello_World.srcs/sources_1/new/hello_world.vhd:18]
CRITICAL WARNING: [Synth 8-6859] multi-driven net on pin counter[5] with 2nd driver pin 'GND' [/home/krekker/zynq7000/Hello_World/Hello_World.srcs/sources_1/new/hello_world.vhd:18]
CRITICAL WARNING: [Synth 8-6858] multi-driven net counter[5] is connected to at least one constant driver which has been preserved, other driver is ignored [/home/krekker/zynq7000/Hello_World/Hello_World.srcs/sources_1/new/hello_world.vhd:18]
CRITICAL WARNING: [Synth 8-6859] multi-driven net on pin counter[4] with 1st driver pin 'counter_reg[4]/Q' [/home/krekker/zynq7000/Hello_World/Hello_World.srcs/sources_1/new/hello_world.vhd:18]
CRITICAL WARNING: [Synth 8-6859] multi-driven net on pin counter[4] with 2nd driver pin 'GND' [/home/krekker/zynq7000/Hello_World/Hello_World.srcs/sources_1/new/hello_world.vhd:18]
CRITICAL WARNING: [Synth 8-6858] multi-driven net counter[4] is connected to at least one constant driver which has been preserved, other driver is ignored [/home/krekker/zynq7000/Hello_World/Hello_World.srcs/sources_1/new/hello_world.vhd:18]
CRITICAL WARNING: [Synth 8-6859] multi-driven net on pin counter[3] with 1st driver pin 'counter_reg[3]/Q' [/home/krekker/zynq7000/Hello_World/Hello_World.srcs/sources_1/new/hello_world.vhd:18]
CRITICAL WARNING: [Synth 8-6859] multi-driven net on pin counter[3] with 2nd driver pin 'GND' [/home/krekker/zynq7000/Hello_World/Hello_World.srcs/sources_1/new/hello_world.vhd:18]
CRITICAL WARNING: [Synth 8-6858] multi-driven net counter[3] is connected to at least one constant driver which has been preserved, other driver is ignored [/home/krekker/zynq7000/Hello_World/Hello_World.srcs/sources_1/new/hello_world.vhd:18]
CRITICAL WARNING: [Synth 8-6859] multi-driven net on pin counter[2] with 1st driver pin 'counter_reg[2]/Q' [/home/krekker/zynq7000/Hello_World/Hello_World.srcs/sources_1/new/hello_world.vhd:18]
CRITICAL WARNING: [Synth 8-6859] multi-driven net on pin counter[2] with 2nd driver pin 'GND' [/home/krekker/zynq7000/Hello_World/Hello_World.srcs/sources_1/new/hello_world.vhd:18]
CRITICAL WARNING: [Synth 8-6858] multi-driven net counter[2] is connected to at least one constant driver which has been preserved, other driver is ignored [/home/krekker/zynq7000/Hello_World/Hello_World.srcs/sources_1/new/hello_world.vhd:18]
CRITICAL WARNING: [Synth 8-6859] multi-driven net on pin counter[1] with 1st driver pin 'counter_reg[1]/Q' [/home/krekker/zynq7000/Hello_World/Hello_World.srcs/sources_1/new/hello_world.vhd:18]
CRITICAL WARNING: [Synth 8-6859] multi-driven net on pin counter[1] with 2nd driver pin 'GND' [/home/krekker/zynq7000/Hello_World/Hello_World.srcs/sources_1/new/hello_world.vhd:18]
CRITICAL WARNING: [Synth 8-6858] multi-driven net counter[1] is connected to at least one constant driver which has been preserved, other driver is ignored [/home/krekker/zynq7000/Hello_World/Hello_World.srcs/sources_1/new/hello_world.vhd:18]
CRITICAL WARNING: [Synth 8-6859] multi-driven net on pin counter[0] with 1st driver pin 'counter_reg[0]/Q' [/home/krekker/zynq7000/Hello_World/Hello_World.srcs/sources_1/new/hello_world.vhd:18]
CRITICAL WARNING: [Synth 8-6859] multi-driven net on pin counter[0] with 2nd driver pin 'GND' [/home/krekker/zynq7000/Hello_World/Hello_World.srcs/sources_1/new/hello_world.vhd:18]
CRITICAL WARNING: [Synth 8-6858] multi-driven net counter[0] is connected to at least one constant driver which has been preserved, other driver is ignored [/home/krekker/zynq7000/Hello_World/Hello_World.srcs/sources_1/new/hello_world.vhd:18]
CRITICAL WARNING: [Synth 8-6859] multi-driven net on pin led_blink with 1st driver pin 'led_reg/Q' [/home/krekker/zynq7000/Hello_World/Hello_World.srcs/sources_1/new/hello_world.vhd:19]
CRITICAL WARNING: [Synth 8-6859] multi-driven net on pin led_blink with 2nd driver pin 'GND' [/home/krekker/zynq7000/Hello_World/Hello_World.srcs/sources_1/new/hello_world.vhd:19]
CRITICAL WARNING: [Synth 8-6858] multi-driven net led_blink is connected to at least one constant driver which has been preserved, other driver is ignored [/home/krekker/zynq7000/Hello_World/Hello_World.srcs/sources_1/new/hello_world.vhd:19]
---------------------------------------------------------------------------------
Finished Cross Boundary and Area Optimization : Time (s): cpu = 00:00:10 ; elapsed = 00:00:13 . Memory (MB): peak = 1969.055 ; gain = 356.156 ; free physical = 18860 ; free virtual = 53457
---------------------------------------------------------------------------------

Report RTL Partitions: 
+-+--------------+------------+----------+
| |RTL Partition |Replication |Instances |
+-+--------------+------------+----------+
+-+--------------+------------+----------+
---------------------------------------------------------------------------------
Start Applying XDC Timing Constraints
---------------------------------------------------------------------------------
---------------------------------------------------------------------------------
Finished Applying XDC Timing Constraints : Time (s): cpu = 00:00:17 ; elapsed = 00:00:20 . Memory (MB): peak = 1969.055 ; gain = 356.156 ; free physical = 18720 ; free virtual = 53317
---------------------------------------------------------------------------------
---------------------------------------------------------------------------------
Start Timing Optimization
---------------------------------------------------------------------------------
---------------------------------------------------------------------------------
Finished Timing Optimization : Time (s): cpu = 00:00:17 ; elapsed = 00:00:20 . Memory (MB): peak = 1969.055 ; gain = 356.156 ; free physical = 18719 ; free virtual = 53316
---------------------------------------------------------------------------------

Report RTL Partitions: 
+-+--------------+------------+----------+
| |RTL Partition |Replication |Instances |
+-+--------------+------------+----------+
+-+--------------+------------+----------+
---------------------------------------------------------------------------------
Start Technology Mapping
---------------------------------------------------------------------------------
---------------------------------------------------------------------------------
Finished Technology Mapping : Time (s): cpu = 00:00:17 ; elapsed = 00:00:20 . Memory (MB): peak = 1969.055 ; gain = 356.156 ; free physical = 18716 ; free virtual = 53313
---------------------------------------------------------------------------------

Report RTL Partitions: 
+-+--------------+------------+----------+
| |RTL Partition |Replication |Instances |
+-+--------------+------------+----------+
+-+--------------+------------+----------+
---------------------------------------------------------------------------------
Start IO Insertion
---------------------------------------------------------------------------------
---------------------------------------------------------------------------------
Start Flattening Before IO Insertion
---------------------------------------------------------------------------------
---------------------------------------------------------------------------------
Finished Flattening Before IO Insertion
---------------------------------------------------------------------------------
---------------------------------------------------------------------------------
Start Final Netlist Cleanup
---------------------------------------------------------------------------------
---------------------------------------------------------------------------------
Finished Final Netlist Cleanup
---------------------------------------------------------------------------------
---------------------------------------------------------------------------------
Finished IO Insertion : Time (s): cpu = 00:00:19 ; elapsed = 00:00:21 . Memory (MB): peak = 1969.055 ; gain = 356.156 ; free physical = 18734 ; free virtual = 53331
---------------------------------------------------------------------------------

Report Check Netlist: 
+------+------------------+-------+---------+-------+------------------+
|      |Item              |Errors |Warnings |Status |Description       |
+------+------------------+-------+---------+-------+------------------+
|1     |multi_driven_nets |      0|        0|Passed |Multi driven nets |
+------+------------------+-------+---------+-------+------------------+
---------------------------------------------------------------------------------
Start Renaming Generated Instances
---------------------------------------------------------------------------------
---------------------------------------------------------------------------------
Finished Renaming Generated Instances : Time (s): cpu = 00:00:19 ; elapsed = 00:00:21 . Memory (MB): peak = 1969.055 ; gain = 356.156 ; free physical = 18734 ; free virtual = 53331
---------------------------------------------------------------------------------

Report RTL Partitions: 
+-+--------------+------------+----------+
| |RTL Partition |Replication |Instances |
+-+--------------+------------+----------+
+-+--------------+------------+----------+
---------------------------------------------------------------------------------
Start Rebuilding User Hierarchy
---------------------------------------------------------------------------------
---------------------------------------------------------------------------------
Finished Rebuilding User Hierarchy : Time (s): cpu = 00:00:19 ; elapsed = 00:00:21 . Memory (MB): peak = 1969.055 ; gain = 356.156 ; free physical = 18734 ; free virtual = 53331
---------------------------------------------------------------------------------
---------------------------------------------------------------------------------
Start Renaming Generated Ports
---------------------------------------------------------------------------------
---------------------------------------------------------------------------------
Finished Renaming Generated Ports : Time (s): cpu = 00:00:19 ; elapsed = 00:00:21 . Memory (MB): peak = 1969.055 ; gain = 356.156 ; free physical = 18734 ; free virtual = 53331
---------------------------------------------------------------------------------
---------------------------------------------------------------------------------
Start Handling Custom Attributes
---------------------------------------------------------------------------------
---------------------------------------------------------------------------------
Finished Handling Custom Attributes : Time (s): cpu = 00:00:19 ; elapsed = 00:00:21 . Memory (MB): peak = 1969.055 ; gain = 356.156 ; free physical = 18734 ; free virtual = 53331
---------------------------------------------------------------------------------
---------------------------------------------------------------------------------
Start Renaming Generated Nets
---------------------------------------------------------------------------------
---------------------------------------------------------------------------------
Finished Renaming Generated Nets : Time (s): cpu = 00:00:19 ; elapsed = 00:00:21 . Memory (MB): peak = 1969.055 ; gain = 356.156 ; free physical = 18734 ; free virtual = 53331
---------------------------------------------------------------------------------
---------------------------------------------------------------------------------
Start Writing Synthesis Report
---------------------------------------------------------------------------------

Report BlackBoxes: 
+-+--------------+----------+
| |BlackBox name |Instances |
+-+--------------+----------+
+-+--------------+----------+

Report Cell Usage: 
+------+-----+------+
|      |Cell |Count |
+------+-----+------+
|1     |OBUF |     1|
+------+-----+------+

Report Instance Areas: 
+------+---------+-------+------+
|      |Instance |Module |Cells |
+------+---------+-------+------+
|1     |top      |       |     1|
+------+---------+-------+------+
---------------------------------------------------------------------------------
Finished Writing Synthesis Report : Time (s): cpu = 00:00:19 ; elapsed = 00:00:21 . Memory (MB): peak = 1969.055 ; gain = 356.156 ; free physical = 18734 ; free virtual = 53331
---------------------------------------------------------------------------------
Synthesis finished with 0 errors, 99 critical warnings and 1 warnings.
Synthesis Optimization Runtime : Time (s): cpu = 00:00:17 ; elapsed = 00:00:19 . Memory (MB): peak = 1969.055 ; gain = 210.438 ; free physical = 18791 ; free virtual = 53388
Synthesis Optimization Complete : Time (s): cpu = 00:00:19 ; elapsed = 00:00:21 . Memory (MB): peak = 1969.055 ; gain = 356.156 ; free physical = 18791 ; free virtual = 53388
INFO: [Project 1-571] Translating synthesized netlist
INFO: [Project 1-570] Preparing netlist for logic optimization
INFO: [Opt 31-138] Pushed 0 inverter(s) to 0 load pin(s).
Netlist sorting complete. Time (s): cpu = 00:00:00 ; elapsed = 00:00:00 . Memory (MB): peak = 1969.055 ; gain = 0.000 ; free physical = 18721 ; free virtual = 53319
INFO: [Project 1-111] Unisim Transformation Summary:
No Unisim elements were transformed.

INFO: [Common 17-83] Releasing license: Synthesis
12 Infos, 3 Warnings, 99 Critical Warnings and 0 Errors encountered.
synth_design completed successfully
synth_design: Time (s): cpu = 00:00:25 ; elapsed = 00:00:27 . Memory (MB): peak = 1969.055 ; gain = 603.531 ; free physical = 18830 ; free virtual = 53428
Netlist sorting complete. Time (s): cpu = 00:00:00 ; elapsed = 00:00:00 . Memory (MB): peak = 1969.055 ; gain = 0.000 ; free physical = 18830 ; free virtual = 53427
WARNING: [Constraints 18-5210] No constraints selected for write.
Resolution: This message can indicate that there are no constraints for the design, or it can indicate that the used_in flags are set such that the constraints are ignored. This later case is used when running synth_design to not write synthesis constraints to the resulting checkpoint. Instead, project constraints are read when the synthesized design is opened.
INFO: [Common 17-1381] The checkpoint '/home/krekker/zynq7000/Hello_World/Hello_World.runs/synth_1/hello_world.dcp' has been generated.
INFO: [runtcl-4] Executing : report_utilization -file hello_world_utilization_synth.rpt -pb hello_world_utilization_synth.pb
INFO: [Common 17-206] Exiting Vivado at Fri Oct 15 19:01:40 2021...
