
*** Running vivado
    with args -log hello_world.vdi -applog -m64 -product Vivado -messageDb vivado.pb -mode batch -source hello_world.tcl -notrace


****** Vivado v2019.1.3 (64-bit)
  **** SW Build 2644227 on Wed Sep  4 09:44:18 MDT 2019
  **** IP Build 2633630 on Wed Sep  4 12:30:14 MDT 2019
    ** Copyright 1986-2019 Xilinx, Inc. All Rights Reserved.

source hello_world.tcl -notrace
Command: link_design -top hello_world -part xc7z020clg400-1
Design is defaulting to srcset: sources_1
Design is defaulting to constrset: constrs_1
INFO: [Device 21-403] Loading part xc7z020clg400-1
INFO: [Project 1-479] Netlist was created with Vivado 2019.1.3
INFO: [Project 1-570] Preparing netlist for logic optimization
Parsing XDC File [/home/krekker/zynq7000/Hello_World/Hello_World.srcs/constr_hello/new/hello_world.xdc]
Finished Parsing XDC File [/home/krekker/zynq7000/Hello_World/Hello_World.srcs/constr_hello/new/hello_world.xdc]
INFO: [Opt 31-138] Pushed 0 inverter(s) to 0 load pin(s).
Netlist sorting complete. Time (s): cpu = 00:00:00 ; elapsed = 00:00:00 . Memory (MB): peak = 1711.395 ; gain = 0.000 ; free physical = 18950 ; free virtual = 53545
INFO: [Project 1-111] Unisim Transformation Summary:
No Unisim elements were transformed.

5 Infos, 0 Warnings, 0 Critical Warnings and 0 Errors encountered.
link_design completed successfully
link_design: Time (s): cpu = 00:00:06 ; elapsed = 00:00:07 . Memory (MB): peak = 1715.363 ; gain = 345.844 ; free physical = 18949 ; free virtual = 53543
Command: opt_design
Attempting to get a license for feature 'Implementation' and/or device 'xc7z020'
INFO: [Common 17-349] Got license for feature 'Implementation' and/or device 'xc7z020'
Running DRC as a precondition to command opt_design

Starting DRC Task
INFO: [DRC 23-27] Running DRC with 8 threads
INFO: [Project 1-461] DRC finished with 0 Errors
INFO: [Project 1-462] Please refer to the DRC report (report_drc) for more information.

Time (s): cpu = 00:00:00.15 ; elapsed = 00:00:00.24 . Memory (MB): peak = 1779.395 ; gain = 64.031 ; free physical = 18948 ; free virtual = 53543

Starting Cache Timing Information Task
INFO: [Timing 38-35] Done setting XDC timing constraints.
Ending Cache Timing Information Task | Checksum: 23256fb10

Time (s): cpu = 00:00:08 ; elapsed = 00:00:09 . Memory (MB): peak = 2158.441 ; gain = 379.047 ; free physical = 18566 ; free virtual = 53161

Starting Logic Optimization Task

Phase 1 Retarget
INFO: [Opt 31-138] Pushed 0 inverter(s) to 0 load pin(s).
INFO: [Opt 31-49] Retargeted 0 cell(s).
Phase 1 Retarget | Checksum: 23256fb10

Time (s): cpu = 00:00:00.01 ; elapsed = 00:00:00.01 . Memory (MB): peak = 2273.379 ; gain = 0.000 ; free physical = 18452 ; free virtual = 53046
INFO: [Opt 31-389] Phase Retarget created 0 cells and removed 0 cells

Phase 2 Constant propagation
INFO: [Opt 31-138] Pushed 0 inverter(s) to 0 load pin(s).
Phase 2 Constant propagation | Checksum: 23256fb10

Time (s): cpu = 00:00:00.01 ; elapsed = 00:00:00.01 . Memory (MB): peak = 2273.379 ; gain = 0.000 ; free physical = 18452 ; free virtual = 53046
INFO: [Opt 31-389] Phase Constant propagation created 0 cells and removed 0 cells

Phase 3 Sweep
Phase 3 Sweep | Checksum: 23256fb10

Time (s): cpu = 00:00:00.01 ; elapsed = 00:00:00.02 . Memory (MB): peak = 2273.379 ; gain = 0.000 ; free physical = 18452 ; free virtual = 53046
INFO: [Opt 31-389] Phase Sweep created 0 cells and removed 0 cells

Phase 4 BUFG optimization
Phase 4 BUFG optimization | Checksum: 23256fb10

Time (s): cpu = 00:00:00.01 ; elapsed = 00:00:00.02 . Memory (MB): peak = 2273.379 ; gain = 0.000 ; free physical = 18452 ; free virtual = 53046
INFO: [Opt 31-662] Phase BUFG optimization created 0 cells of which 0 are BUFGs and removed 0 cells.

Phase 5 Shift Register Optimization
INFO: [Opt 31-1064] SRL Remap converted 0 SRLs to 0 registers and converted 0 registers of register chains to 0 SRLs
Phase 5 Shift Register Optimization | Checksum: 23256fb10

Time (s): cpu = 00:00:00.01 ; elapsed = 00:00:00.02 . Memory (MB): peak = 2273.379 ; gain = 0.000 ; free physical = 18452 ; free virtual = 53046
INFO: [Opt 31-389] Phase Shift Register Optimization created 0 cells and removed 0 cells

Phase 6 Post Processing Netlist
Phase 6 Post Processing Netlist | Checksum: 23256fb10

Time (s): cpu = 00:00:00.01 ; elapsed = 00:00:00.02 . Memory (MB): peak = 2273.379 ; gain = 0.000 ; free physical = 18452 ; free virtual = 53046
INFO: [Opt 31-389] Phase Post Processing Netlist created 0 cells and removed 0 cells
Opt_design Change Summary
=========================


-------------------------------------------------------------------------------------------------------------------------
|  Phase                        |  #Cells created  |  #Cells Removed  |  #Constrained objects preventing optimizations  |
-------------------------------------------------------------------------------------------------------------------------
|  Retarget                     |               0  |               0  |                                              0  |
|  Constant propagation         |               0  |               0  |                                              0  |
|  Sweep                        |               0  |               0  |                                              0  |
|  BUFG optimization            |               0  |               0  |                                              0  |
|  Shift Register Optimization  |               0  |               0  |                                              0  |
|  Post Processing Netlist      |               0  |               0  |                                              0  |
-------------------------------------------------------------------------------------------------------------------------



Starting Connectivity Check Task

Time (s): cpu = 00:00:00.01 ; elapsed = 00:00:00 . Memory (MB): peak = 2273.379 ; gain = 0.000 ; free physical = 18452 ; free virtual = 53046
Ending Logic Optimization Task | Checksum: 23256fb10

Time (s): cpu = 00:00:00.02 ; elapsed = 00:00:00.02 . Memory (MB): peak = 2273.379 ; gain = 0.000 ; free physical = 18452 ; free virtual = 53046

Starting Power Optimization Task
INFO: [Pwropt 34-132] Skipping clock gating for clocks with a period < 2.00 ns.
Ending Power Optimization Task | Checksum: 23256fb10

Time (s): cpu = 00:00:00.01 ; elapsed = 00:00:00.02 . Memory (MB): peak = 2289.254 ; gain = 15.875 ; free physical = 18452 ; free virtual = 53046

Starting Final Cleanup Task
Ending Final Cleanup Task | Checksum: 23256fb10

Time (s): cpu = 00:00:00 ; elapsed = 00:00:00 . Memory (MB): peak = 2289.254 ; gain = 0.000 ; free physical = 18452 ; free virtual = 53046

Starting Netlist Obfuscation Task
Netlist sorting complete. Time (s): cpu = 00:00:00 ; elapsed = 00:00:00 . Memory (MB): peak = 2289.254 ; gain = 0.000 ; free physical = 18452 ; free virtual = 53046
Ending Netlist Obfuscation Task | Checksum: 23256fb10

Time (s): cpu = 00:00:00 ; elapsed = 00:00:00 . Memory (MB): peak = 2289.254 ; gain = 0.000 ; free physical = 18452 ; free virtual = 53046
INFO: [Common 17-83] Releasing license: Implementation
22 Infos, 0 Warnings, 0 Critical Warnings and 0 Errors encountered.
opt_design completed successfully
opt_design: Time (s): cpu = 00:00:10 ; elapsed = 00:00:11 . Memory (MB): peak = 2289.254 ; gain = 573.891 ; free physical = 18452 ; free virtual = 53046
Netlist sorting complete. Time (s): cpu = 00:00:00 ; elapsed = 00:00:00 . Memory (MB): peak = 2289.254 ; gain = 0.000 ; free physical = 18452 ; free virtual = 53046
INFO: [Timing 38-480] Writing timing data to binary archive.
Writing placer database...
Writing XDEF routing.
Writing XDEF routing logical nets.
Writing XDEF routing special nets.
Write XDEF Complete: Time (s): cpu = 00:00:00.04 ; elapsed = 00:00:00.02 . Memory (MB): peak = 2324.238 ; gain = 2.969 ; free physical = 18450 ; free virtual = 53045
INFO: [Common 17-1381] The checkpoint '/home/krekker/zynq7000/Hello_World/Hello_World.runs/impl_1/hello_world_opt.dcp' has been generated.
INFO: [runtcl-4] Executing : report_drc -file hello_world_drc_opted.rpt -pb hello_world_drc_opted.pb -rpx hello_world_drc_opted.rpx
Command: report_drc -file hello_world_drc_opted.rpt -pb hello_world_drc_opted.pb -rpx hello_world_drc_opted.rpx
INFO: [IP_Flow 19-234] Refreshing IP repositories
INFO: [IP_Flow 19-1704] No user IP repositories specified
INFO: [IP_Flow 19-2313] Loaded Vivado IP repository '/opt/vivado/Vivado/2019.1/data/ip'.
INFO: [DRC 23-27] Running DRC with 8 threads
INFO: [Coretcl 2-168] The results of DRC are in file /home/krekker/zynq7000/Hello_World/Hello_World.runs/impl_1/hello_world_drc_opted.rpt.
report_drc completed successfully
Command: place_design
Attempting to get a license for feature 'Implementation' and/or device 'xc7z020'
INFO: [Common 17-349] Got license for feature 'Implementation' and/or device 'xc7z020'
INFO: [DRC 23-27] Running DRC with 8 threads
INFO: [Vivado_Tcl 4-198] DRC finished with 0 Errors
INFO: [Vivado_Tcl 4-199] Please refer to the DRC report (report_drc) for more information.
Running DRC as a precondition to command place_design
INFO: [DRC 23-27] Running DRC with 8 threads
INFO: [Vivado_Tcl 4-198] DRC finished with 0 Errors
INFO: [Vivado_Tcl 4-199] Please refer to the DRC report (report_drc) for more information.

Starting Placer Task
INFO: [Place 30-611] Multithreading enabled for place_design using a maximum of 8 CPUs

Phase 1 Placer Initialization

Phase 1.1 Placer Initialization Netlist Sorting
Netlist sorting complete. Time (s): cpu = 00:00:00 ; elapsed = 00:00:00 . Memory (MB): peak = 2430.664 ; gain = 0.000 ; free physical = 18434 ; free virtual = 53029
Phase 1.1 Placer Initialization Netlist Sorting | Checksum: 14e7b716f

Time (s): cpu = 00:00:00.02 ; elapsed = 00:00:00.04 . Memory (MB): peak = 2430.664 ; gain = 0.000 ; free physical = 18434 ; free virtual = 53029
Netlist sorting complete. Time (s): cpu = 00:00:00 ; elapsed = 00:00:00 . Memory (MB): peak = 2430.664 ; gain = 0.000 ; free physical = 18434 ; free virtual = 53029

Phase 1.2 IO Placement/ Clock Placement/ Build Placer Device
INFO: [Timing 38-35] Done setting XDC timing constraints.
Phase 1.2 IO Placement/ Clock Placement/ Build Placer Device | Checksum: 14e7b716f

Time (s): cpu = 00:00:00.36 ; elapsed = 00:00:00.29 . Memory (MB): peak = 2446.672 ; gain = 16.008 ; free physical = 18432 ; free virtual = 53026

Phase 1.3 Build Placer Netlist Model
Phase 1.3 Build Placer Netlist Model | Checksum: 1a456101d

Time (s): cpu = 00:00:00.39 ; elapsed = 00:00:00.30 . Memory (MB): peak = 2446.672 ; gain = 16.008 ; free physical = 18431 ; free virtual = 53026

Phase 1.4 Constrain Clocks/Macros
Phase 1.4 Constrain Clocks/Macros | Checksum: 1a456101d

Time (s): cpu = 00:00:00.40 ; elapsed = 00:00:00.34 . Memory (MB): peak = 2446.672 ; gain = 16.008 ; free physical = 18431 ; free virtual = 53026
Phase 1 Placer Initialization | Checksum: 1a456101d

Time (s): cpu = 00:00:00.40 ; elapsed = 00:00:00.34 . Memory (MB): peak = 2446.672 ; gain = 16.008 ; free physical = 18431 ; free virtual = 53026

Phase 2 Final Placement Cleanup
Netlist sorting complete. Time (s): cpu = 00:00:00 ; elapsed = 00:00:00 . Memory (MB): peak = 2446.672 ; gain = 0.000 ; free physical = 18431 ; free virtual = 53026
Phase 2 Final Placement Cleanup | Checksum: 1a456101d

Time (s): cpu = 00:00:00.40 ; elapsed = 00:00:00.34 . Memory (MB): peak = 2446.672 ; gain = 16.008 ; free physical = 18431 ; free virtual = 53026
INFO: [Place 30-281] No place-able instance is found; design doesn't contain any instance or all instances are placed
Ending Placer Task | Checksum: 14e7b716f

Time (s): cpu = 00:00:00.40 ; elapsed = 00:00:00.34 . Memory (MB): peak = 2446.672 ; gain = 16.008 ; free physical = 18431 ; free virtual = 53026
INFO: [Common 17-83] Releasing license: Implementation
41 Infos, 0 Warnings, 0 Critical Warnings and 0 Errors encountered.
place_design completed successfully
Netlist sorting complete. Time (s): cpu = 00:00:00 ; elapsed = 00:00:00 . Memory (MB): peak = 2446.672 ; gain = 0.000 ; free physical = 18431 ; free virtual = 53026
INFO: [Timing 38-480] Writing timing data to binary archive.
Writing placer database...
Writing XDEF routing.
Writing XDEF routing logical nets.
Writing XDEF routing special nets.
Write XDEF Complete: Time (s): cpu = 00:00:00.04 ; elapsed = 00:00:00.02 . Memory (MB): peak = 2446.672 ; gain = 0.000 ; free physical = 18432 ; free virtual = 53028
INFO: [Common 17-1381] The checkpoint '/home/krekker/zynq7000/Hello_World/Hello_World.runs/impl_1/hello_world_placed.dcp' has been generated.
INFO: [runtcl-4] Executing : report_io -file hello_world_io_placed.rpt
report_io: Time (s): cpu = 00:00:00.08 ; elapsed = 00:00:00.15 . Memory (MB): peak = 2446.672 ; gain = 0.000 ; free physical = 18421 ; free virtual = 53016
INFO: [runtcl-4] Executing : report_utilization -file hello_world_utilization_placed.rpt -pb hello_world_utilization_placed.pb
INFO: [runtcl-4] Executing : report_control_sets -verbose -file hello_world_control_sets_placed.rpt
report_control_sets: Time (s): cpu = 00:00:00.03 ; elapsed = 00:00:00.08 . Memory (MB): peak = 2446.672 ; gain = 0.000 ; free physical = 18429 ; free virtual = 53024
Command: route_design
Attempting to get a license for feature 'Implementation' and/or device 'xc7z020'
INFO: [Common 17-349] Got license for feature 'Implementation' and/or device 'xc7z020'
Running DRC as a precondition to command route_design
INFO: [DRC 23-27] Running DRC with 8 threads
INFO: [Vivado_Tcl 4-198] DRC finished with 0 Errors
INFO: [Vivado_Tcl 4-199] Please refer to the DRC report (report_drc) for more information.


Starting Routing Task
INFO: [Route 35-254] Multithreading enabled for route_design using a maximum of 8 CPUs
Checksum: PlaceDB: c8a72261 ConstDB: 0 ShapeSum: 85d44f0e RouteDB: 0

Phase 1 Build RT Design
Phase 1 Build RT Design | Checksum: 10a836814

Time (s): cpu = 00:00:25 ; elapsed = 00:00:21 . Memory (MB): peak = 2457.324 ; gain = 10.652 ; free physical = 18288 ; free virtual = 52884
Post Restoration Checksum: NetGraph: 7b48b6c6 NumContArr: 8f3ab14e Constraints: 0 Timing: 0

Phase 2 Router Initialization
INFO: [Route 35-64] No timing constraints were detected. The router will operate in resource-optimization mode.

Phase 2.1 Fix Topology Constraints
Phase 2.1 Fix Topology Constraints | Checksum: 10a836814

Time (s): cpu = 00:00:25 ; elapsed = 00:00:21 . Memory (MB): peak = 2482.320 ; gain = 35.648 ; free physical = 18254 ; free virtual = 52850

Phase 2.2 Pre Route Cleanup
Phase 2.2 Pre Route Cleanup | Checksum: 10a836814

Time (s): cpu = 00:00:25 ; elapsed = 00:00:21 . Memory (MB): peak = 2482.320 ; gain = 35.648 ; free physical = 18254 ; free virtual = 52850
 Number of Nodes with overlaps = 0
Phase 2 Router Initialization | Checksum: 1c508e78c

Time (s): cpu = 00:00:25 ; elapsed = 00:00:21 . Memory (MB): peak = 2489.375 ; gain = 42.703 ; free physical = 18251 ; free virtual = 52847

Router Utilization Summary
  Global Vertical Routing Utilization    = 0 %
  Global Horizontal Routing Utilization  = 0 %
  Routable Net Status*
  *Does not include unroutable nets such as driverless and loadless.
  Run report_route_status for detailed report.
  Number of Failed Nets               = 0
    (Failed Nets is the sum of unrouted and partially routed nets)
  Number of Unrouted Nets             = 0
  Number of Partially Routed Nets     = 0
  Number of Node Overlaps             = 0


Phase 3 Initial Routing
 Number of Nodes with overlaps = 0
Phase 3 Initial Routing | Checksum: 1c508e78c

Time (s): cpu = 00:00:25 ; elapsed = 00:00:21 . Memory (MB): peak = 2497.754 ; gain = 51.082 ; free physical = 18249 ; free virtual = 52845

Phase 4 Rip-up And Reroute

Phase 4.1 Global Iteration 0
Phase 4.1 Global Iteration 0 | Checksum: 1c508e78c

Time (s): cpu = 00:00:25 ; elapsed = 00:00:21 . Memory (MB): peak = 2497.754 ; gain = 51.082 ; free physical = 18249 ; free virtual = 52845
Phase 4 Rip-up And Reroute | Checksum: 1c508e78c

Time (s): cpu = 00:00:25 ; elapsed = 00:00:21 . Memory (MB): peak = 2497.754 ; gain = 51.082 ; free physical = 18249 ; free virtual = 52845

Phase 5 Delay and Skew Optimization
Phase 5 Delay and Skew Optimization | Checksum: 1c508e78c

Time (s): cpu = 00:00:25 ; elapsed = 00:00:21 . Memory (MB): peak = 2497.754 ; gain = 51.082 ; free physical = 18249 ; free virtual = 52845

Phase 6 Post Hold Fix

Phase 6.1 Hold Fix Iter
Phase 6.1 Hold Fix Iter | Checksum: 1c508e78c

Time (s): cpu = 00:00:25 ; elapsed = 00:00:21 . Memory (MB): peak = 2497.754 ; gain = 51.082 ; free physical = 18249 ; free virtual = 52845
Phase 6 Post Hold Fix | Checksum: 1c508e78c

Time (s): cpu = 00:00:25 ; elapsed = 00:00:21 . Memory (MB): peak = 2497.754 ; gain = 51.082 ; free physical = 18249 ; free virtual = 52845

Phase 7 Route finalize

Router Utilization Summary
  Global Vertical Routing Utilization    = 0 %
  Global Horizontal Routing Utilization  = 0 %
  Routable Net Status*
  *Does not include unroutable nets such as driverless and loadless.
  Run report_route_status for detailed report.
  Number of Failed Nets               = 0
    (Failed Nets is the sum of unrouted and partially routed nets)
  Number of Unrouted Nets             = 0
  Number of Partially Routed Nets     = 0
  Number of Node Overlaps             = 0

Congestion Report
North Dir 1x1 Area, Max Cong = 0%, No Congested Regions.
South Dir 1x1 Area, Max Cong = 0%, No Congested Regions.
East Dir 1x1 Area, Max Cong = 0%, No Congested Regions.
West Dir 1x1 Area, Max Cong = 0%, No Congested Regions.

------------------------------
Reporting congestion hotspots
------------------------------
Direction: North
----------------
Congested clusters found at Level 0
Effective congestion level: 0 Aspect Ratio: 1 Sparse Ratio: 0
Direction: South
----------------
Congested clusters found at Level 0
Effective congestion level: 0 Aspect Ratio: 1 Sparse Ratio: 0
Direction: East
----------------
Congested clusters found at Level 0
Effective congestion level: 0 Aspect Ratio: 1 Sparse Ratio: 0
Direction: West
----------------
Congested clusters found at Level 0
Effective congestion level: 0 Aspect Ratio: 1 Sparse Ratio: 0

Phase 7 Route finalize | Checksum: 1c508e78c

Time (s): cpu = 00:00:25 ; elapsed = 00:00:21 . Memory (MB): peak = 2497.754 ; gain = 51.082 ; free physical = 18249 ; free virtual = 52845

Phase 8 Verifying routed nets

 Verification completed successfully
Phase 8 Verifying routed nets | Checksum: 1c508e78c

Time (s): cpu = 00:00:25 ; elapsed = 00:00:21 . Memory (MB): peak = 2500.754 ; gain = 54.082 ; free physical = 18248 ; free virtual = 52844

Phase 9 Depositing Routes
Phase 9 Depositing Routes | Checksum: 1c508e78c

Time (s): cpu = 00:00:25 ; elapsed = 00:00:21 . Memory (MB): peak = 2500.754 ; gain = 54.082 ; free physical = 18248 ; free virtual = 52844
INFO: [Route 35-16] Router Completed Successfully

Time (s): cpu = 00:00:25 ; elapsed = 00:00:21 . Memory (MB): peak = 2500.754 ; gain = 54.082 ; free physical = 18285 ; free virtual = 52881

Routing Is Done.
INFO: [Common 17-83] Releasing license: Implementation
54 Infos, 0 Warnings, 0 Critical Warnings and 0 Errors encountered.
route_design completed successfully
route_design: Time (s): cpu = 00:00:26 ; elapsed = 00:00:22 . Memory (MB): peak = 2500.754 ; gain = 54.082 ; free physical = 18285 ; free virtual = 52881
Netlist sorting complete. Time (s): cpu = 00:00:00 ; elapsed = 00:00:00 . Memory (MB): peak = 2500.754 ; gain = 0.000 ; free physical = 18285 ; free virtual = 52881
INFO: [Timing 38-480] Writing timing data to binary archive.
Writing placer database...
Writing XDEF routing.
Writing XDEF routing logical nets.
Writing XDEF routing special nets.
Write XDEF Complete: Time (s): cpu = 00:00:00.04 ; elapsed = 00:00:00.02 . Memory (MB): peak = 2500.754 ; gain = 0.000 ; free physical = 18285 ; free virtual = 52882
INFO: [Common 17-1381] The checkpoint '/home/krekker/zynq7000/Hello_World/Hello_World.runs/impl_1/hello_world_routed.dcp' has been generated.
INFO: [runtcl-4] Executing : report_drc -file hello_world_drc_routed.rpt -pb hello_world_drc_routed.pb -rpx hello_world_drc_routed.rpx
Command: report_drc -file hello_world_drc_routed.rpt -pb hello_world_drc_routed.pb -rpx hello_world_drc_routed.rpx
INFO: [IP_Flow 19-1839] IP Catalog is up to date.
INFO: [DRC 23-27] Running DRC with 8 threads
INFO: [Coretcl 2-168] The results of DRC are in file /home/krekker/zynq7000/Hello_World/Hello_World.runs/impl_1/hello_world_drc_routed.rpt.
report_drc completed successfully
INFO: [runtcl-4] Executing : report_methodology -file hello_world_methodology_drc_routed.rpt -pb hello_world_methodology_drc_routed.pb -rpx hello_world_methodology_drc_routed.rpx
Command: report_methodology -file hello_world_methodology_drc_routed.rpt -pb hello_world_methodology_drc_routed.pb -rpx hello_world_methodology_drc_routed.rpx
INFO: [Timing 38-35] Done setting XDC timing constraints.
INFO: [DRC 23-133] Running Methodology with 8 threads
INFO: [Coretcl 2-1520] The results of Report Methodology are in file /home/krekker/zynq7000/Hello_World/Hello_World.runs/impl_1/hello_world_methodology_drc_routed.rpt.
report_methodology completed successfully
INFO: [runtcl-4] Executing : report_power -file hello_world_power_routed.rpt -pb hello_world_power_summary_routed.pb -rpx hello_world_power_routed.rpx
Command: report_power -file hello_world_power_routed.rpt -pb hello_world_power_summary_routed.pb -rpx hello_world_power_routed.rpx
INFO: [Timing 38-35] Done setting XDC timing constraints.
WARNING: [Power 33-232] No user defined clocks were found in the design! Power estimation will be inaccurate until this is corrected.
Resolution: Please specify clocks using create_clock/create_generated_clock for sequential elements. For pure combinatorial circuits, please specify a virtual clock, otherwise the vectorless estimation might be inaccurate
Running Vector-less Activity Propagation...

Finished Running Vector-less Activity Propagation
66 Infos, 1 Warnings, 0 Critical Warnings and 0 Errors encountered.
report_power completed successfully
INFO: [runtcl-4] Executing : report_route_status -file hello_world_route_status.rpt -pb hello_world_route_status.pb
INFO: [runtcl-4] Executing : report_timing_summary -max_paths 10 -file hello_world_timing_summary_routed.rpt -pb hello_world_timing_summary_routed.pb -rpx hello_world_timing_summary_routed.rpx -warn_on_violation 
INFO: [Timing 38-91] UpdateTimingParams: Speed grade: -1, Delay Type: min_max.
INFO: [Timing 38-191] Multithreading enabled for timing update using a maximum of 8 CPUs
WARNING: [Timing 38-313] There are no user specified timing constraints. Timing constraints are needed for proper timing analysis.
INFO: [runtcl-4] Executing : report_incremental_reuse -file hello_world_incremental_reuse_routed.rpt
INFO: [Vivado_Tcl 4-1062] Incremental flow is disabled. No incremental reuse Info to report.
INFO: [runtcl-4] Executing : report_clock_utilization -file hello_world_clock_utilization_routed.rpt
INFO: [runtcl-4] Executing : report_bus_skew -warn_on_violation -file hello_world_bus_skew_routed.rpt -pb hello_world_bus_skew_routed.pb -rpx hello_world_bus_skew_routed.rpx
INFO: [Timing 38-91] UpdateTimingParams: Speed grade: -1, Delay Type: min_max.
INFO: [Timing 38-191] Multithreading enabled for timing update using a maximum of 8 CPUs
INFO: [Common 17-206] Exiting Vivado at Fri Oct 15 19:02:36 2021...

*** Running vivado
    with args -log hello_world.vdi -applog -m64 -product Vivado -messageDb vivado.pb -mode batch -source hello_world.tcl -notrace


****** Vivado v2019.1.3 (64-bit)
  **** SW Build 2644227 on Wed Sep  4 09:44:18 MDT 2019
  **** IP Build 2633630 on Wed Sep  4 12:30:14 MDT 2019
    ** Copyright 1986-2019 Xilinx, Inc. All Rights Reserved.

source hello_world.tcl -notrace
Command: open_checkpoint hello_world_routed.dcp

Starting open_checkpoint Task

Time (s): cpu = 00:00:00.07 ; elapsed = 00:00:00.10 . Memory (MB): peak = 1365.496 ; gain = 0.000 ; free physical = 19326 ; free virtual = 53924
INFO: [Device 21-403] Loading part xc7z020clg400-1
INFO: [Project 1-479] Netlist was created with Vivado 2019.1.3
INFO: [Project 1-570] Preparing netlist for logic optimization
INFO: [Timing 38-478] Restoring timing data from binary archive.
INFO: [Timing 38-479] Binary timing data restore complete.
INFO: [Project 1-856] Restoring constraints from binary archive.
INFO: [Project 1-853] Binary constraint restore complete.
Reading XDEF placement.
Reading placer database...
Reading XDEF routing.
Read XDEF File: Time (s): cpu = 00:00:00.11 ; elapsed = 00:00:00.18 . Memory (MB): peak = 2162.527 ; gain = 0.000 ; free physical = 18526 ; free virtual = 53123
Restored from archive | CPU: 0.170000 secs | Memory: 1.054039 MB |
Finished XDEF File Restore: Time (s): cpu = 00:00:00.12 ; elapsed = 00:00:00.18 . Memory (MB): peak = 2162.527 ; gain = 0.000 ; free physical = 18526 ; free virtual = 53123
Netlist sorting complete. Time (s): cpu = 00:00:00 ; elapsed = 00:00:00 . Memory (MB): peak = 2162.527 ; gain = 0.000 ; free physical = 18527 ; free virtual = 53125
INFO: [Project 1-111] Unisim Transformation Summary:
No Unisim elements were transformed.

INFO: [Project 1-604] Checkpoint was created with Vivado v2019.1.3 (64-bit) build 2644227
open_checkpoint: Time (s): cpu = 00:00:16 ; elapsed = 00:00:17 . Memory (MB): peak = 2162.527 ; gain = 797.031 ; free physical = 18526 ; free virtual = 53124
Command: write_bitstream -force hello_world.bit
Attempting to get a license for feature 'Implementation' and/or device 'xc7z020'
INFO: [Common 17-349] Got license for feature 'Implementation' and/or device 'xc7z020'
Running DRC as a precondition to command write_bitstream
INFO: [IP_Flow 19-234] Refreshing IP repositories
INFO: [IP_Flow 19-1704] No user IP repositories specified
INFO: [IP_Flow 19-2313] Loaded Vivado IP repository '/opt/vivado/Vivado/2019.1/data/ip'.
INFO: [DRC 23-27] Running DRC with 8 threads
WARNING: [DRC ZPS7-1] PS7 block required: The PS7 cell must be used in this Zynq design in order to enable correct default configuration.
INFO: [Vivado 12-3199] DRC finished with 0 Errors, 1 Warnings
INFO: [Vivado 12-3200] Please refer to the DRC report (report_drc) for more information.
INFO: [Designutils 20-2272] Running write_bitstream with 8 threads.
Loading data files...
Loading site data...
Loading route data...
Processing options...
Creating bitmap...
Creating bitstream...
Writing bitstream ./hello_world.bit...
INFO: [Vivado 12-1842] Bitgen Completed Successfully.
INFO: [Project 1-118] WebTalk data collection is enabled (User setting is ON. Install Setting is ON.).
INFO: [Common 17-186] '/home/krekker/zynq7000/Hello_World/Hello_World.runs/impl_1/usage_statistics_webtalk.xml' has been successfully sent to Xilinx on Fri Oct 15 19:04:00 2021. For additional details about this file, please refer to the WebTalk help file at /opt/vivado/Vivado/2019.1/doc/webtalk_introduction.html.
INFO: [Common 17-83] Releasing license: Implementation
21 Infos, 1 Warnings, 0 Critical Warnings and 0 Errors encountered.
write_bitstream completed successfully
write_bitstream: Time (s): cpu = 00:00:12 ; elapsed = 00:00:25 . Memory (MB): peak = 2603.078 ; gain = 440.551 ; free physical = 18470 ; free virtual = 53076
INFO: [Common 17-206] Exiting Vivado at Fri Oct 15 19:04:00 2021...
